[2025-10-18 14:51:12] local.ERROR: file_put_contents(/home/dennis/Projects/kaykays/resources/js/actions/App/index.ts): Failed to open stream: Permission denied {"exception":"[object] (ErrorException(code: 0): file_put_contents(/home/dennis/Projects/kaykays/resources/js/actions/App/index.ts): Failed to open stream: Permission denied at /home/dennis/Projects/kaykays/vendor/laravel/framework/src/Illuminate/Filesystem/Filesystem.php:204)
[stacktrace]
#0 /home/dennis/Projects/kaykays/vendor/laravel/framework/src/Illuminate/Foundation/Bootstrap/HandleExceptions.php(258): Illuminate\\Foundation\\Bootstrap\\HandleExceptions->handleError()
#1 [internal function]: Illuminate\\Foundation\\Bootstrap\\HandleExceptions->Illuminate\\Foundation\\Bootstrap\\{closure}()
#2 /home/dennis/Projects/kaykays/vendor/laravel/framework/src/Illuminate/Filesystem/Filesystem.php(204): file_put_contents()
#3 /home/dennis/Projects/kaykays/vendor/laravel/wayfinder/src/GenerateCommand.php(128): Illuminate\\Filesystem\\Filesystem->put()
#4 /home/dennis/Projects/kaykays/vendor/laravel/wayfinder/src/GenerateCommand.php(82): Laravel\\Wayfinder\\GenerateCommand->writeContent()
#5 /home/dennis/Projects/kaykays/vendor/laravel/framework/src/Illuminate/Container/BoundMethod.php(36): Laravel\\Wayfinder\\GenerateCommand->handle()
#6 /home/dennis/Projects/kaykays/vendor/laravel/framework/src/Illuminate/Container/Util.php(43): Illuminate\\Container\\BoundMethod::Illuminate\\Container\\{closure}()
#7 /home/dennis/Projects/kaykays/vendor/laravel/framework/src/Illuminate/Container/BoundMethod.php(96): Illuminate\\Container\\Util::unwrapIfClosure()
#8 /home/dennis/Projects/kaykays/vendor/laravel/framework/src/Illuminate/Container/BoundMethod.php(35): Illuminate\\Container\\BoundMethod::callBoundMethod()
#9 /home/dennis/Projects/kaykays/vendor/laravel/framework/src/Illuminate/Container/Container.php(836): Illuminate\\Container\\BoundMethod::call()
#10 /home/dennis/Projects/kaykays/vendor/laravel/framework/src/Illuminate/Console/Command.php(211): Illuminate\\Container\\Container->call()
#11 /home/dennis/Projects/kaykays/vendor/symfony/console/Command/Command.php(318): Illuminate\\Console\\Command->execute()
#12 /home/dennis/Projects/kaykays/vendor/laravel/framework/src/Illuminate/Console/Command.php(180): Symfony\\Component\\Console\\Command\\Command->run()
#13 /home/dennis/Projects/kaykays/vendor/symfony/console/Application.php(1110): Illuminate\\Console\\Command->run()
#14 /home/dennis/Projects/kaykays/vendor/symfony/console/Application.php(359): Symfony\\Component\\Console\\Application->doRunCommand()
#15 /home/dennis/Projects/kaykays/vendor/symfony/console/Application.php(194): Symfony\\Component\\Console\\Application->doRun()
#16 /home/dennis/Projects/kaykays/vendor/laravel/framework/src/Illuminate/Foundation/Console/Kernel.php(197): Symfony\\Component\\Console\\Application->run()
#17 /home/dennis/Projects/kaykays/vendor/laravel/framework/src/Illuminate/Foundation/Application.php(1235): Illuminate\\Foundation\\Console\\Kernel->handle()
#18 /home/dennis/Projects/kaykays/artisan(16): Illuminate\\Foundation\\Application->handleCommand()
#19 {main}
"} 
